Start testing: Jul 05 12:32 BST
----------------------------------------------------------
1/1 Testing: game_logic_test
1/1 Test: game_logic_test
Command: "/home/david/projects/TicTacToe/cmake-build-debug/runTests"
Directory: /home/david/projects/TicTacToe/cmake-build-debug
"game_logic_test" start time: Jul 05 12:32 BST
Output:
----------------------------------------------------------
[==========] Running 3 tests from 1 test suite.
[----------] Global test environment set-up.
[----------] 3 tests from GameLogicTest
[ RUN      ] GameLogicTest.XHorizontalWin
[       OK ] GameLogicTest.XHorizontalWin (0 ms)
[ RUN      ] GameLogicTest.OHorizontalWin
[       OK ] GameLogicTest.OHorizontalWin (0 ms)
[ RUN      ] GameLogicTest.Stalemate
[       OK ] GameLogicTest.Stalemate (0 ms)
[----------] 3 tests from GameLogicTest (0 ms total)

[----------] Global test environment tear-down
[==========] 3 tests from 1 test suite ran. (0 ms total)
[  PASSED  ] 3 tests.
<end of output>
Test time =   0.00 sec
----------------------------------------------------------
Test Passed.
"game_logic_test" end time: Jul 05 12:32 BST
"game_logic_test" time elapsed: 00:00:00
----------------------------------------------------------

End testing: Jul 05 12:32 BST
